[2025-04-02 09:15:02] [info] Start Program:
Path:"C:\Users\lucac\source\repos\lab6_OOP\x64\Debug\lab6_OOP.exe"
Arguments:
Working directory: "C:\Users\lucac\source\repos\lab6_OOP\lab6_OOP\"
Modules: Selected: C:\Users\lucac\source\repos\lab6_OOP\x64\Debug\lab6_OOP.exe Excluded: 
Sources: Selected: C:\Users\lucac\source\repos\lab6_OOP\lab6_OOP Excluded: 
Log Level: Normal
Cover Children: 0
Aggregate by file: 1
Continue after C++ exception: 0
Optimized build support: 0
Export: Binary C:\Users\lucac\AppData\Local\Temp\0sg53uae.ozq 
Input coverage: 
Unified diff: 
Excluded line regular expressions: 
Substitute pdb source paths: 

[2025-04-02 09:15:02] [info] Module: C:\Users\lucac\source\repos\lab6_OOP\x64\Debug\lab6_OOP.exe is selected because it matches selected pattern: C:\Users\lucac\source\repos\lab6_OOP\x64\Debug\lab6_OOP.exe
[2025-04-02 09:15:04] [info] ----------------------------------------------------
[2025-04-02 09:15:04] [info] Coverage binary generated in file: C:\Users\lucac\AppData\Local\Temp\0sg53uae.ozq
[2025-04-02 09:15:04] [info] ----------------------------------------------------
